<?xml version="1.0" encoding="UTF-8"?>
<!-- Generated by org.testng.reporters.JUnitXMLReporter -->
<testsuite ignored="0" hostname="DESKTOP-6NQ8E1M" failures="1" tests="2" name="Default test" time="12.76" errors="0" timestamp="2025-11-14T21:24:22 IST">
  <testcase classname="io.cucumber.testng.AbstractTestNGCucumberTests" name="runScenario" time="8.89"/>
  <testcase classname="io.cucumber.testng.AbstractTestNGCucumberTests" name="runScenario" time="10.989">
    <failure type="java.lang.AssertionError" message="Unexpected alert message This user already exist.">
      <![CDATA[java.lang.AssertionError: Unexpected alert message This user already exist.
at com.selenium.bdd.stepDefinitions.SignupSteps.user_will_see_popup_as_signup_successful_message(SignupSteps.java:69)
at ✽.User will see popup as Signup successful message(file:///C:/Users/NISHI/eclipse-workspace/com.selenium.bdd/src/test/resources/features/Signup.feature:9)
]]>
    </failure>
  </testcase> <!-- runScenario -->
</testsuite> <!-- Default test -->
