<?xml version="1.0" encoding="UTF-8"?>
<testng-results ignored="0" total="2" passed="1" failed="1" skipped="0">
  <reporter-output>
  </reporter-output>
  <suite started-at="2025-11-14T21:24:09 IST" name="Default suite" finished-at="2025-11-14T21:24:22 IST" duration-ms="12760">
    <groups>
      <group name="cucumber">
        <method signature="AbstractTestNGCucumberTests.runScenario(io.cucumber.testng.PickleWrapper,io.cucumber.testng.FeatureWrapper)[pri:0, instance:com.selenium.bdd.runners.TestRunner@26abb146]" name="runScenario" class="io.cucumber.testng.AbstractTestNGCucumberTests"/>
      </group> <!-- cucumber -->
    </groups>
    <test started-at="2025-11-14T21:24:09 IST" name="Default test" finished-at="2025-11-14T21:24:22 IST" duration-ms="12760">
      <class name="com.selenium.bdd.runners.TestRunner">
        <test-method is-config="true" signature="setUpClass(org.testng.ITestContext)[pri:0, instance:com.selenium.bdd.runners.TestRunner@26abb146]" started-at="2025-11-14T21:24:09 IST" name="setUpClass" finished-at="2025-11-14T21:24:11 IST" duration-ms="1353" status="PASS">
          <params>
            <param index="0">
              <value>
                <![CDATA[org.testng.TestRunner@14b0e127]]>
              </value>
            </param>
          </params>
          <reporter-output>
          </reporter-output>
        </test-method> <!-- setUpClass -->
        <test-method signature="runScenario(io.cucumber.testng.PickleWrapper,io.cucumber.testng.FeatureWrapper)[pri:0, instance:com.selenium.bdd.runners.TestRunner@26abb146]" started-at="2025-11-14T21:24:11 IST" name="runScenario" description="Runs Cucumber Scenarios" data-provider="scenarios" finished-at="2025-11-14T21:24:19 IST" duration-ms="8890" status="PASS">
          <params>
            <param index="0">
              <value>
                <![CDATA["Valid Login"]]>
              </value>
            </param>
            <param index="1">
              <value>
                <![CDATA["Validating Login Functionality"]]>
              </value>
            </param>
          </params>
          <reporter-output>
          </reporter-output>
        </test-method> <!-- runScenario -->
        <test-method signature="runScenario(io.cucumber.testng.PickleWrapper,io.cucumber.testng.FeatureWrapper)[pri:0, instance:com.selenium.bdd.runners.TestRunner@26abb146]" started-at="2025-11-14T21:24:11 IST" name="runScenario" description="Runs Cucumber Scenarios" data-provider="scenarios" finished-at="2025-11-14T21:24:22 IST" duration-ms="10989" status="FAIL">
          <params>
            <param index="0">
              <value>
                <![CDATA["Valid Signup"]]>
              </value>
            </param>
            <param index="1">
              <value>
                <![CDATA["Validating Signup Functionality"]]>
              </value>
            </param>
          </params>
          <exception class="java.lang.AssertionError">
            <message>
              <![CDATA[Unexpected alert message This user already exist.]]>
            </message>
            <full-stacktrace>
              <![CDATA[java.lang.AssertionError: Unexpected alert message This user already exist.
at com.selenium.bdd.stepDefinitions.SignupSteps.user_will_see_popup_as_signup_successful_message(SignupSteps.java:69)
at âœ½.User will see popup as Signup successful message(file:///C:/Users/NISHI/eclipse-workspace/com.selenium.bdd/src/test/resources/features/Signup.feature:9)
]]>
            </full-stacktrace>
          </exception> <!-- java.lang.AssertionError -->
          <reporter-output>
          </reporter-output>
        </test-method> <!-- runScenario -->
        <test-method is-config="true" signature="tearDownClass()[pri:0, instance:com.selenium.bdd.runners.TestRunner@26abb146]" started-at="2025-11-14T21:24:22 IST" name="tearDownClass" finished-at="2025-11-14T21:24:22 IST" duration-ms="356" status="PASS">
          <reporter-output>
          </reporter-output>
        </test-method> <!-- tearDownClass -->
      </class> <!-- com.selenium.bdd.runners.TestRunner -->
    </test> <!-- Default test -->
  </suite> <!-- Default suite -->
</testng-results>
