<?xml version="1.0" encoding="UTF-8"?>
<!-- Generated by org.testng.reporters.JUnitReportReporter -->
<testsuite hostname="DESKTOP-6NQ8E1M" failures="1" tests="2" name="com.selenium.bdd.runners.TestRunner" time="39.703" errors="0" timestamp="2025-11-14T20:52:37 IST" skipped="0">
  <testcase classname="com.selenium.bdd.runners.TestRunner" name="runScenario" time="20.161">
    <failure message="Unexpected alert message This user already exist." type="java.lang.AssertionError">
      <![CDATA[java.lang.AssertionError: Unexpected alert message This user already exist.
at com.selenium.bdd.stepDefinitions.SignupSteps.user_will_see_popup_as_signup_successful_message(SignupSteps.java:69)
at ✽.User will see popup as Signup successful message(file:///C:/Users/NISHI/eclipse-workspace/com.selenium.bdd/src/test/resources/features/Signup.feature:9)
]]>
    </failure>
  </testcase> <!-- runScenario -->
  <testcase classname="com.selenium.bdd.runners.TestRunner" name="runScenario" time="19.542"/>
</testsuite> <!-- com.selenium.bdd.runners.TestRunner -->
